<?xml version="1.0" encoding="UTF-8"?>
<testng-results skipped="0" failed="0" ignored="1" total="2" passed="1">
  <reporter-output>
  </reporter-output>
  <suite name="Suite" duration-ms="29897" started-at="2022-06-21T04:10:37 IST" finished-at="2022-06-21T04:11:07 IST">
    <groups>
    </groups>
    <test name="Test" duration-ms="29897" started-at="2022-06-21T04:10:37 IST" finished-at="2022-06-21T04:11:07 IST">
      <class name="com.test.module1.Assignment1">
        <test-method status="PASS" signature="beforeSuite()[pri:0, instance:com.test.module1.Assignment1@37374a5e]" name="beforeSuite" is-config="true" duration-ms="41" started-at="2022-06-21T04:10:37 IST" finished-at="2022-06-21T04:10:37 IST">
          <reporter-output>
          </reporter-output>
        </test-method> <!-- beforeSuite -->
        <test-method status="PASS" signature="beforeTest(java.lang.String)[pri:0, instance:com.test.module1.Assignment1@37374a5e]" name="beforeTest" is-config="true" duration-ms="6173" started-at="2022-06-21T04:10:38 IST" finished-at="2022-06-21T04:10:44 IST">
          <params>
            <param index="0">
              <value>
                <![CDATA[]]>
              </value>
            </param>
          </params>
          <reporter-output>
          </reporter-output>
        </test-method> <!-- beforeTest -->
        <test-method status="PASS" signature="beforeClass()[pri:0, instance:com.test.module1.Assignment1@37374a5e]" name="beforeClass" is-config="true" duration-ms="171" started-at="2022-06-21T04:10:44 IST" finished-at="2022-06-21T04:10:44 IST">
          <reporter-output>
          </reporter-output>
        </test-method> <!-- beforeClass -->
        <test-method status="PASS" signature="beforeMethod()[pri:0, instance:com.test.module1.Assignment1@37374a5e]" name="beforeMethod" is-config="true" duration-ms="2539" started-at="2022-06-21T04:10:44 IST" finished-at="2022-06-21T04:10:46 IST">
          <reporter-output>
          </reporter-output>
        </test-method> <!-- beforeMethod -->
        <test-method status="PASS" signature="facebookTest1(java.lang.String)[pri:0, instance:com.test.module1.Assignment1@37374a5e]" name="facebookTest1" duration-ms="20415" started-at="2022-06-21T04:10:46 IST" description="Login User &gt; Home &gt; create post &gt; submit post" finished-at="2022-06-21T04:11:07 IST">
          <params>
            <param index="0">
              <value>
                <![CDATA[Hello World........!!!]]>
              </value>
            </param>
          </params>
          <reporter-output>
          </reporter-output>
        </test-method> <!-- facebookTest1 -->
        <test-method status="PASS" signature="afterMethod()[pri:0, instance:com.test.module1.Assignment1@37374a5e]" name="afterMethod" is-config="true" duration-ms="1" started-at="2022-06-21T04:11:07 IST" finished-at="2022-06-21T04:11:07 IST">
          <reporter-output>
          </reporter-output>
        </test-method> <!-- afterMethod -->
        <test-method status="PASS" signature="afterClass()[pri:0, instance:com.test.module1.Assignment1@37374a5e]" name="afterClass" is-config="true" duration-ms="1" started-at="2022-06-21T04:11:07 IST" finished-at="2022-06-21T04:11:07 IST">
          <reporter-output>
          </reporter-output>
        </test-method> <!-- afterClass -->
        <test-method status="PASS" signature="afterTest()[pri:0, instance:com.test.module1.Assignment1@37374a5e]" name="afterTest" is-config="true" duration-ms="1" started-at="2022-06-21T04:11:07 IST" finished-at="2022-06-21T04:11:07 IST">
          <reporter-output>
          </reporter-output>
        </test-method> <!-- afterTest -->
        <test-method status="PASS" signature="afterSuite()[pri:0, instance:com.test.module1.Assignment1@37374a5e]" name="afterSuite" is-config="true" duration-ms="0" started-at="2022-06-21T04:11:08 IST" finished-at="2022-06-21T04:11:08 IST">
          <reporter-output>
          </reporter-output>
        </test-method> <!-- afterSuite -->
      </class> <!-- com.test.module1.Assignment1 -->
    </test> <!-- Test -->
  </suite> <!-- Suite -->
</testng-results>
